<?xml version="1.0" encoding="UTF-8"?>
<testng-results ignored="0" total="3" passed="1" failed="1" skipped="1">
  <reporter-output>
  </reporter-output>
  <suite started-at="2025-09-09T14:09:58 IST" name="Default suite" finished-at="2025-09-09T14:11:04 IST" duration-ms="65931">
    <groups>
    </groups>
    <test started-at="2025-09-09T14:09:58 IST" name="Default test" finished-at="2025-09-09T14:11:04 IST" duration-ms="65931">
      <class name="tests.RegFormTest">
        <test-method is-config="true" signature="beforeTest()[pri:0, instance:tests.RegFormTest@40a4337a]" started-at="2025-09-09T14:09:58 IST" name="beforeTest" finished-at="2025-09-09T14:10:06 IST" duration-ms="8184" status="PASS">
          <reporter-output>
          </reporter-output>
        </test-method> <!-- beforeTest -->
        <test-method signature="signup()[pri:1, instance:tests.RegFormTest@40a4337a]" started-at="2025-09-09T14:10:07 IST" name="signup" finished-at="2025-09-09T14:10:19 IST" duration-ms="12037" status="PASS">
          <reporter-output>
          </reporter-output>
        </test-method> <!-- signup -->
        <test-method signature="purchaseProduct()[pri:2, instance:tests.RegFormTest@40a4337a]" started-at="2025-09-09T14:10:19 IST" name="purchaseProduct" finished-at="2025-09-09T14:10:53 IST" depends-on-methods="tests.RegFormTest.signup" duration-ms="34842" status="FAIL">
          <exception class="org.openqa.selenium.ElementClickInterceptedException">
            <message>
              <![CDATA[Element <a class="btn btn-default add-to-cart"> is not clickable at point (873,749) because another element <iframe id="aswift_1" name="aswift_1" src="https://googleads.g.doubleclick.net/pagead/html/r20250904/r20190131/zrt_lookup_fy2021.html#RS-0-&adk=1812271801&client=ca-pub-1677597403311019&fa=1&ifi=2&uci=a!2&btvi=1"> obscures it
Build info: version: '4.34.0', revision: '707dcb4246*'
System info: os.name: 'Windows 11', os.arch: 'amd64', os.version: '10.0', java.version: '21.0.8'
Driver info: org.openqa.selenium.firefox.FirefoxDriver
Command: [227b75d1-f704-4340-bf19-6dd88bbf1010, clickElement {id=e10c6259-1a5f-4064-8efd-3fd70ecf3334}]
Capabilities {acceptInsecureCerts: true, browserName: firefox, browserVersion: 142.0.1, moz:accessibilityChecks: false, moz:buildID: 20250827004350, moz:geckodriverVersion: 0.36.0, moz:headless: false, moz:platformVersion: 10.0, moz:processID: 44156, moz:profile: C:\Users\PRAVEE~1.T\AppData..., moz:shutdownTimeout: 60000, moz:webdriverClick: true, moz:windowless: false, pageLoadStrategy: normal, platformName: windows, proxy: Proxy(), setWindowRect: true, strictFileInteractability: false, timeouts: {implicit: 0, pageLoad: 300000, script: 30000}, unhandledPromptBehavior: dismiss and notify, userAgent: Mozilla/5.0 (Windows NT 10....}
Element: [[FirefoxDriver: firefox on windows (227b75d1-f704-4340-bf19-6dd88bbf1010)] -> xpath: //a[@data-product-id='2']]
Session ID: 227b75d1-f704-4340-bf19-6dd88bbf1010]]>
            </message>
            <full-stacktrace>
              <![CDATA[org.openqa.selenium.ElementClickInterceptedException: Element <a class="btn btn-default add-to-cart"> is not clickable at point (873,749) because another element <iframe id="aswift_1" name="aswift_1" src="https://googleads.g.doubleclick.net/pagead/html/r20250904/r20190131/zrt_lookup_fy2021.html#RS-0-&adk=1812271801&client=ca-pub-1677597403311019&fa=1&ifi=2&uci=a!2&btvi=1"> obscures it
Build info: version: '4.34.0', revision: '707dcb4246*'
System info: os.name: 'Windows 11', os.arch: 'amd64', os.version: '10.0', java.version: '21.0.8'
Driver info: org.openqa.selenium.firefox.FirefoxDriver
Command: [227b75d1-f704-4340-bf19-6dd88bbf1010, clickElement {id=e10c6259-1a5f-4064-8efd-3fd70ecf3334}]
Capabilities {acceptInsecureCerts: true, browserName: firefox, browserVersion: 142.0.1, moz:accessibilityChecks: false, moz:buildID: 20250827004350, moz:geckodriverVersion: 0.36.0, moz:headless: false, moz:platformVersion: 10.0, moz:processID: 44156, moz:profile: C:\Users\PRAVEE~1.T\AppData..., moz:shutdownTimeout: 60000, moz:webdriverClick: true, moz:windowless: false, pageLoadStrategy: normal, platformName: windows, proxy: Proxy(), setWindowRect: true, strictFileInteractability: false, timeouts: {implicit: 0, pageLoad: 300000, script: 30000}, unhandledPromptBehavior: dismiss and notify, userAgent: Mozilla/5.0 (Windows NT 10....}
Element: [[FirefoxDriver: firefox on windows (227b75d1-f704-4340-bf19-6dd88bbf1010)] -> xpath: //a[@data-product-id='2']]
Session ID: 227b75d1-f704-4340-bf19-6dd88bbf1010
at java.base/jdk.internal.reflect.DirectConstructorHandleAccessor.newInstance(DirectConstructorHandleAccessor.java:62)
at java.base/java.lang.reflect.Constructor.newInstanceWithCaller(Constructor.java:502)
at java.base/java.lang.reflect.Constructor.newInstance(Constructor.java:486)
at org.openqa.selenium.remote.ErrorCodec.decode(ErrorCodec.java:167)
at org.openqa.selenium.remote.codec.w3c.W3CHttpResponseCodec.decode(W3CHttpResponseCodec.java:138)
at org.openqa.selenium.remote.codec.w3c.W3CHttpResponseCodec.decode(W3CHttpResponseCodec.java:50)
at org.openqa.selenium.remote.HttpCommandExecutor.execute(HttpCommandExecutor.java:215)
at org.openqa.selenium.remote.service.DriverCommandExecutor.invokeExecute(DriverCommandExecutor.java:216)
at org.openqa.selenium.remote.service.DriverCommandExecutor.execute(DriverCommandExecutor.java:174)
at org.openqa.selenium.remote.RemoteWebDriver.execute(RemoteWebDriver.java:544)
at org.openqa.selenium.remote.RemoteWebElement.execute(RemoteWebElement.java:223)
at org.openqa.selenium.remote.RemoteWebElement.click(RemoteWebElement.java:76)
at pages.purchaseProduct.addproduct1(purchaseProduct.java:92)
at tests.RegFormTest.purchaseProduct(RegFormTest.java:87)
at java.base/jdk.internal.reflect.DirectMethodHandleAccessor.invoke(DirectMethodHandleAccessor.java:103)
at java.base/java.lang.reflect.Method.invoke(Method.java:580)
at org.testng.internal.invokers.MethodInvocationHelper.invokeMethod(MethodInvocationHelper.java:141)
at org.testng.internal.invokers.TestInvoker.invokeMethod(TestInvoker.java:687)
at org.testng.internal.invokers.TestInvoker.invokeTestMethod(TestInvoker.java:230)
at org.testng.internal.invokers.MethodRunner.runInSequence(MethodRunner.java:63)
at org.testng.internal.invokers.TestInvoker$MethodInvocationAgent.invoke(TestInvoker.java:995)
at org.testng.internal.invokers.TestInvoker.invokeTestMethods(TestInvoker.java:203)
at org.testng.internal.invokers.TestMethodWorker.invokeTestMethods(TestMethodWorker.java:154)
at org.testng.internal.invokers.TestMethodWorker.run(TestMethodWorker.java:134)
at java.base/java.util.ArrayList.forEach(ArrayList.java:1596)
at org.testng.TestRunner.privateRun(TestRunner.java:741)
at org.testng.TestRunner.run(TestRunner.java:616)
at org.testng.SuiteRunner.runTest(SuiteRunner.java:421)
at org.testng.SuiteRunner.runSequentially(SuiteRunner.java:413)
at org.testng.SuiteRunner.privateRun(SuiteRunner.java:373)
at org.testng.SuiteRunner.run(SuiteRunner.java:312)
at org.testng.SuiteRunnerWorker.runSuite(SuiteRunnerWorker.java:52)
at org.testng.SuiteRunnerWorker.run(SuiteRunnerWorker.java:95)
at org.testng.TestNG.runSuitesSequentially(TestNG.java:1274)
at org.testng.TestNG.runSuitesLocally(TestNG.java:1208)
at org.testng.TestNG.runSuites(TestNG.java:1112)
at org.testng.TestNG.run(TestNG.java:1079)
at org.testng.remote.AbstractRemoteTestNG.run(AbstractRemoteTestNG.java:115)
at org.testng.remote.RemoteTestNG.initAndRun(RemoteTestNG.java:293)
at org.testng.remote.RemoteTestNG.main(RemoteTestNG.java:91)
]]>
            </full-stacktrace>
          </exception> <!-- org.openqa.selenium.ElementClickInterceptedException -->
          <reporter-output>
          </reporter-output>
        </test-method> <!-- purchaseProduct -->
        <test-method signature="contactform()[pri:3, instance:tests.RegFormTest@40a4337a]" started-at="2025-09-09T14:10:53 IST" name="contactform" finished-at="2025-09-09T14:10:53 IST" depends-on-methods="tests.RegFormTest.purchaseProduct" duration-ms="0" status="SKIP">
          <exception class="java.lang.Throwable">
            <message>
              <![CDATA[Method tests.RegFormTest.contactform() on instance tests.RegFormTest@40a4337a depends on not successfully finished methods 
[tests.RegFormTest.purchaseProduct() on instance tests.RegFormTest@40a4337a]]]>
            </message>
            <full-stacktrace>
              <![CDATA[java.lang.Throwable: Method tests.RegFormTest.contactform() on instance tests.RegFormTest@40a4337a depends on not successfully finished methods 
[tests.RegFormTest.purchaseProduct() on instance tests.RegFormTest@40a4337a]
at org.testng.internal.invokers.TestInvoker.invokeTestMethods(TestInvoker.java:159)
at org.testng.internal.invokers.TestMethodWorker.invokeTestMethods(TestMethodWorker.java:154)
at org.testng.internal.invokers.TestMethodWorker.run(TestMethodWorker.java:134)
at java.base/java.util.ArrayList.forEach(ArrayList.java:1596)
at org.testng.TestRunner.privateRun(TestRunner.java:741)
at org.testng.TestRunner.run(TestRunner.java:616)
at org.testng.SuiteRunner.runTest(SuiteRunner.java:421)
at org.testng.SuiteRunner.runSequentially(SuiteRunner.java:413)
at org.testng.SuiteRunner.privateRun(SuiteRunner.java:373)
at org.testng.SuiteRunner.run(SuiteRunner.java:312)
at org.testng.SuiteRunnerWorker.runSuite(SuiteRunnerWorker.java:52)
at org.testng.SuiteRunnerWorker.run(SuiteRunnerWorker.java:95)
at org.testng.TestNG.runSuitesSequentially(TestNG.java:1274)
at org.testng.TestNG.runSuitesLocally(TestNG.java:1208)
at org.testng.TestNG.runSuites(TestNG.java:1112)
at org.testng.TestNG.run(TestNG.java:1079)
at org.testng.remote.AbstractRemoteTestNG.run(AbstractRemoteTestNG.java:115)
at org.testng.remote.RemoteTestNG.initAndRun(RemoteTestNG.java:293)
at org.testng.remote.RemoteTestNG.main(RemoteTestNG.java:91)
]]>
            </full-stacktrace>
          </exception> <!-- java.lang.Throwable -->
          <reporter-output>
          </reporter-output>
        </test-method> <!-- contactform -->
        <test-method is-config="true" signature="afterTest()[pri:0, instance:tests.RegFormTest@40a4337a]" started-at="2025-09-09T14:10:53 IST" name="afterTest" finished-at="2025-09-09T14:11:04 IST" duration-ms="10799" status="PASS">
          <reporter-output>
          </reporter-output>
        </test-method> <!-- afterTest -->
      </class> <!-- tests.RegFormTest -->
    </test> <!-- Default test -->
  </suite> <!-- Default suite -->
</testng-results>
