<?xml version="1.0" encoding="UTF-8"?>
<testng-results ignored="0" total="1" passed="1" failed="0" skipped="0">
  <reporter-output>
  </reporter-output>
  <suite started-at="2025-09-09T10:00:44 IST" name="Default suite" finished-at="2025-09-09T10:03:54 IST" duration-ms="189766">
    <groups>
    </groups>
    <test started-at="2025-09-09T10:00:44 IST" name="Default test" finished-at="2025-09-09T10:03:54 IST" duration-ms="189766">
      <class name="test.RunProject">
        <test-method signature="execute()[pri:0, instance:test.RunProject@31304f14]" started-at="2025-09-09T10:00:45 IST" name="execute" finished-at="2025-09-09T10:03:54 IST" duration-ms="189705" status="PASS">
          <reporter-output>
          </reporter-output>
        </test-method> <!-- execute -->
      </class> <!-- test.RunProject -->
    </test> <!-- Default test -->
  </suite> <!-- Default suite -->
</testng-results>
